<?xml version="1.0" encoding="UTF-8"?>
<!-- Generated by org.testng.reporters.JUnitReportReporter -->
<testsuite skipped="0" hostname="Riyaans-MacBook-Air.local" name="com.test.group_test" tests="3" failures="0" timestamp="2022-01-22T11:43:11 IST" time="0.004" errors="0">
  <testcase name="click_element" time="0.001" classname="com.test.group_test"/>
  <system-out/>
  <testcase name="starting_point" time="0.002" classname="com.test.group_test"/>
  <system-out/>
  <testcase name="checkTitle" time="0.001" classname="com.test.group_test"/>
  <system-out/>
</testsuite> <!-- com.test.group_test -->
