<?xml version="1.0" encoding="UTF-8"?>
<!-- Generated by org.testng.reporters.JUnitReportReporter -->
<testsuite skipped="0" hostname="Riyaans-MacBook-Air.local" name="com.test.demoTest" tests="3" failures="0" timestamp="2022-01-22T11:42:56 IST" time="17.744" errors="0">
  <testcase name="testCase2" time="1.561" classname="com.test.demoTest"/>
  <system-out/>
  <testcase name="testCase3" time="2.713" classname="com.test.demoTest"/>
  <system-out/>
  <testcase name="testCase1" time="13.470" classname="com.test.demoTest"/>
  <system-out/>
</testsuite> <!-- com.test.demoTest -->
