<?xml version="1.0" encoding="UTF-8"?>
<!-- Generated by org.testng.reporters.JUnitReportReporter -->
<testsuite hostname="IND-5CG0259CMH" failures="0" tests="2" name="com.test.priorityTestRun" time="0.015" errors="0" timestamp="2021-11-12T10:56:20 IST" skipped="0">
  <testcase classname="com.test.priorityTestRun" name="a_method" time="0.013"/>
  <system-out/>
  <testcase classname="com.test.priorityTestRun" name="b_method" time="0.002"/>
  <system-out/>
</testsuite> <!-- com.test.priorityTestRun -->
