<?xml version="1.0" encoding="UTF-8"?>
<!-- Generated by org.testng.reporters.JUnitReportReporter -->
<testsuite hostname="IND-5CG0259CMH" failures="0" tests="1" name="com.test.anotationsExample" time="0.006" errors="0" timestamp="2021-11-12T10:30:23 IST" skipped="0">
  <testcase classname="com.test.anotationsExample" name="testCase1" time="0.006"/>
  <system-out/>
</testsuite> <!-- com.test.anotationsExample -->
