<?xml version="1.0" encoding="UTF-8"?>
<!-- Generated by org.testng.reporters.JUnitReportReporter -->
<testsuite hostname="DESKTOP-UNSRAG7" failures="0" tests="1" name="PostRequest.RestAssured_Assignment" time="6.928" errors="0" timestamp="2022-04-15T17:03:26 IST" skipped="0">
  <testcase classname="PostRequest.RestAssured_Assignment" name="postOrder" time="6.928"/>
  <system-out/>
</testsuite> <!-- PostRequest.RestAssured_Assignment -->
