<?xml version="1.0" encoding="UTF-8"?>
<!-- Generated by org.testng.reporters.JUnitReportReporter -->
<testsuite hostname="IND-5CG0259CMH" failures="0" tests="2" name="com.test.group_test" time="0.013" errors="0" timestamp="2021-11-12T10:58:18 IST" skipped="0">
  <testcase classname="com.test.group_test" name="checkTitle" time="0.011"/>
  <system-out/>
  <testcase classname="com.test.group_test" name="click_element" time="0.002"/>
  <system-out/>
</testsuite> <!-- com.test.group_test -->
