<?xml version="1.0" encoding="UTF-8"?>
<!-- Generated by org.testng.reporters.JUnitReportReporter -->
<testsuite hostname="IND-5CG0259CMH" failures="0" tests="1" name="com.test.RegistrationTestWithData" time="2.116" errors="0" timestamp="2021-11-12T00:40:03 IST" skipped="0">
  <testcase classname="com.test.RegistrationTestWithData" name="registration_of_user" time="2.116"/>
  <system-out/>
</testsuite> <!-- com.test.RegistrationTestWithData -->
