<?xml version="1.0" encoding="UTF-8"?>
<!-- Generated by org.testng.reporters.JUnitReportReporter -->
<testsuite skipped="0" hostname="Riyaans-MacBook-Air.local" name="com.test.DataProviderExample" tests="6" failures="0" timestamp="2022-01-22T11:43:01 IST" time="0.026" errors="0">
  <testcase name="search" time="0.003" classname="com.test.DataProviderExample"/>
  <system-out>
    <![CDATA[Keyword entered is : QTP Bangalore]]>
  </system-out>
  <testcase name="search" time="0.001" classname="com.test.DataProviderExample"/>
  <system-out>
    <![CDATA[Keyword entered is : LoadRunner Chennai]]>
  </system-out>
  <testcase name="search" time="0.016" classname="com.test.DataProviderExample"/>
  <system-out>
    <![CDATA[Keyword entered is : Selenium Delhi]]>
  </system-out>
  <testcase name="search1" time="0.001" classname="com.test.DataProviderExample"/>
  <system-out>
    <![CDATA[Keyword entered is : QTP Bangalore UK]]>
  </system-out>
  <testcase name="search1" time="0.003" classname="com.test.DataProviderExample"/>
  <system-out>
    <![CDATA[Keyword entered is : Selenium Delhi India]]>
  </system-out>
  <testcase name="search1" time="0.002" classname="com.test.DataProviderExample"/>
  <system-out>
    <![CDATA[Keyword entered is : LoadRunner Chennai USA]]>
  </system-out>
</testsuite> <!-- com.test.DataProviderExample -->
