<?xml version="1.0" encoding="UTF-8"?>
<!-- Generated by org.testng.reporters.JUnitReportReporter -->
<testsuite hostname="DESKTOP-UNSRAG7" failures="0" tests="1" name="PostRequest.RestAssured_Assignment" time="6.980" errors="0" timestamp="2022-04-15T17:10:34 IST" skipped="0">
  <testcase classname="PostRequest.RestAssured_Assignment" name="postOrder" time="6.980"/>
  <system-out/>
</testsuite> <!-- PostRequest.RestAssured_Assignment -->
