<?xml version="1.0" encoding="UTF-8"?>
<!-- Generated by org.testng.reporters.JUnitReportReporter -->
<testsuite skipped="0" hostname="Riyaans-MacBook-Air.local" name="com.test.priorityTestRun" tests="2" failures="0" timestamp="2022-01-22T11:43:06 IST" time="0.004" errors="0">
  <testcase name="a_method" time="0.001" classname="com.test.priorityTestRun"/>
  <system-out/>
  <testcase name="b_method" time="0.003" classname="com.test.priorityTestRun"/>
  <system-out/>
</testsuite> <!-- com.test.priorityTestRun -->
