<?xml version="1.0" encoding="UTF-8"?>
<!-- Generated by org.testng.reporters.JUnitReportReporter -->
<testsuite skipped="0" hostname="Riyaans-MacBook-Air.local" name="com.test.RegistrationTest" tests="1" failures="0" timestamp="2022-04-03T12:38:59 IST" time="5.307" errors="0">
  <testcase name="registration_of_user" time="5.307" classname="com.test.RegistrationTest"/>
  <system-out/>
</testsuite> <!-- com.test.RegistrationTest -->
