<?xml version="1.0" encoding="UTF-8"?>
<!-- Generated by org.testng.reporters.JUnitReportReporter -->
<testsuite hostname="DESKTOP-UNSRAG7" failures="0" tests="1" name="BasicConcept.header.b_header" time="2.495" errors="0" timestamp="2022-04-13T08:34:20 IST" skipped="0">
  <testcase classname="BasicConcept.header.b_header" name="gerHeader" time="2.495"/>
  <system-out/>
</testsuite> <!-- BasicConcept.header.b_header -->
