<?xml version="1.0" encoding="UTF-8"?>
<!-- Generated by org.testng.reporters.JUnitReportReporter -->
<testsuite hostname="IND-5CG0259CMH" failures="0" tests="3" name="com.test.DataProviderExample" time="0.007" errors="0" timestamp="2021-11-12T00:47:41 IST" skipped="0">
  <testcase classname="com.test.DataProviderExample" name="search" time="0.005"/>
  <system-out>
    <![CDATA[Keyword entered is : Selenium Delhi]]>
  </system-out>
  <testcase classname="com.test.DataProviderExample" name="search" time="0.001"/>
  <system-out>
    <![CDATA[Keyword entered is : LoadRunner Chennai]]>
  </system-out>
  <testcase classname="com.test.DataProviderExample" name="search" time="0.001"/>
  <system-out>
    <![CDATA[Keyword entered is : QTP Bangalore]]>
  </system-out>
</testsuite> <!-- com.test.DataProviderExample -->
