<?xml version="1.0" encoding="UTF-8"?>
<!-- Generated by org.testng.reporters.JUnitReportReporter -->
<testsuite skipped="0" hostname="Riyaans-MacBook-Air.local" name="com.qa.tests.LoginTests" tests="3" failures="0" timestamp="2022-03-23T23:09:37 IST" time="14.260" errors="0">
  <testcase name="invalidPassword" time="6.055" classname="com.qa.tests.LoginTests"/>
  <system-out/>
  <testcase name="successfulLogin" time="4.309" classname="com.qa.tests.LoginTests"/>
  <system-out/>
  <testcase name="invalidUserName" time="3.896" classname="com.qa.tests.LoginTests"/>
  <system-out/>
</testsuite> <!-- com.qa.tests.LoginTests -->
