<?xml version="1.0" encoding="UTF-8"?>
<!-- Generated by org.testng.reporters.JUnitReportReporter -->
<testsuite hostname="IND-5CG0259CMH" failures="0" tests="3" name="com.test.demoTest" time="23.484" errors="0" timestamp="2021-11-12T10:46:41 IST" skipped="0">
  <testcase classname="com.test.demoTest" name="testCase3" time="6.012"/>
  <system-out/>
  <testcase classname="com.test.demoTest" name="testCase2" time="6.731"/>
  <system-out/>
  <testcase classname="com.test.demoTest" name="testCase1" time="10.741"/>
  <system-out/>
</testsuite> <!-- com.test.demoTest -->
