<?xml version="1.0" encoding="UTF-8"?>
<!-- Generated by org.testng.reporters.JUnitReportReporter -->
<testsuite skipped="0" hostname="Riyaans-MacBook-Air.local" name="com.test.RegistrationTest" tests="1" failures="0" timestamp="2022-01-25T10:29:08 IST" time="6.963" errors="0">
  <testcase name="registration_of_user" time="6.963" classname="com.test.RegistrationTest"/>
  <system-out/>
</testsuite> <!-- com.test.RegistrationTest -->
