<?xml version="1.0" encoding="UTF-8"?>
<!-- Generated by org.testng.reporters.JUnitReportReporter -->
<testsuite skipped="0" hostname="Riyaans-MacBook-Air.local" name="com.test.anotationsExample" tests="1" failures="0" timestamp="2022-01-21T01:08:02 IST" time="0.008" errors="0">
  <testcase name="testCase1" time="0.008" classname="com.test.anotationsExample"/>
  <system-out/>
</testsuite> <!-- com.test.anotationsExample -->
